# JRE version: OpenJDK Runtime Environment (8.0_152-b01) (build 1.8.0_152-release-915-b01)
# Java VM: OpenJDK 64-Bit Server VM (25.152-b01 mixed mode windows-amd64 compressed oops)
Heap:
 PSYoungGen      total 418304K, used 5469K [0x00000000e0000000, 0x00000000ff780000, 0x0000000100000000)
  eden space 321024K, 0% used [0x00000000e0000000,0x00000000e0282f68,0x00000000f3980000)
  from space 97280K, 2% used [0x00000000f3980000,0x00000000f3c54600,0x00000000f9880000)
  to   space 91648K, 0% used [0x00000000f9e00000,0x00000000f9e00000,0x00000000ff780000)
 ParOldGen       total 305664K, used 74852K [0x00000000a0000000, 0x00000000b2a80000, 0x00000000e0000000)
  object space 305664K, 24% used [0x00000000a0000000,0x00000000a4919268,0x00000000b2a80000)
 Metaspace       used 79149K, capacity 82612K, committed 83732K, reserved 1122304K
  class space    used 9735K, capacity 10458K, committed 10812K, reserved 1048576K
GC Heap History (10 events):
Event: 10738.407 GC heap before
{Heap before GC invocations=38 (full 4):
 PSYoungGen      total 442880K, used 439378K [0x00000000e0000000, 0x0000000100000000, 0x0000000100000000)
  eden space 372736K, 99% used [0x00000000e0000000,0x00000000f689a898,0x00000000f6c00000)
  from space 70144K, 99% used [0x00000000f6c00000,0x00000000fb07a2c0,0x00000000fb080000)
  to   space 81408K, 0% used [0x00000000fb080000,0x00000000fb080000,0x0000000100000000)
 ParOldGen       total 251392K, used 134144K [0x00000000a0000000, 0x00000000af580000, 0x00000000e0000000)
  object space 251392K, 53% used [0x00000000a0000000,0x00000000a8300320,0x00000000af580000)
 Metaspace       used 79919K, capacity 83580K, committed 83732K, reserved 1122304K
  class space    used 9920K, capacity 10690K, committed 10812K, reserved 1048576K
Event: 10738.455 GC heap after
Heap after GC invocations=38 (full 4):
 PSYoungGen      total 399872K, used 72637K [0x00000000e0000000, 0x0000000100000000, 0x0000000100000000)
  eden space 318464K, 0% used [0x00000000e0000000,0x00000000e0000000,0x00000000f3700000)
  from space 81408K, 89% used [0x00000000fb080000,0x00000000ff76f6c0,0x0000000100000000)
  to   space 102912K, 0% used [0x00000000f3700000,0x00000000f3700000,0x00000000f9b80000)
 ParOldGen       total 251392K, used 138584K [0x00000000a0000000, 0x00000000af580000, 0x00000000e0000000)
  object space 251392K, 55% used [0x00000000a0000000,0x00000000a8756008,0x00000000af580000)
 Metaspace       used 79919K, capacity 83580K, committed 83732K, reserved 1122304K
  class space    used 9920K, capacity 10690K, committed 10812K, reserved 1048576K
}
Event: 10741.684 GC heap before
{Heap before GC invocations=39 (full 4):
 PSYoungGen      total 399872K, used 387588K [0x00000000e0000000, 0x0000000100000000, 0x0000000100000000)
  eden space 318464K, 98% used [0x00000000e0000000,0x00000000f3391bc8,0x00000000f3700000)
  from space 81408K, 89% used [0x00000000fb080000,0x00000000ff76f6c0,0x0000000100000000)
  to   space 102912K, 0% used [0x00000000f3700000,0x00000000f3700000,0x00000000f9b80000)
 ParOldGen       total 251392K, used 138584K [0x00000000a0000000, 0x00000000af580000, 0x00000000e0000000)
  object space 251392K, 55% used [0x00000000a0000000,0x00000000a8756008,0x00000000af580000)
 Metaspace       used 79933K, capacity 83580K, committed 83732K, reserved 1122304K
  class space    used 9920K, capacity 10690K, committed 10812K, reserved 1048576K
Event: 10741.785 GC heap after
Heap after GC invocations=39 (full 4):
 PSYoungGen      total 421376K, used 11848K [0x00000000e0000000, 0x0000000100000000, 0x0000000100000000)
  eden space 318464K, 0% used [0x00000000e0000000,0x00000000e0000000,0x00000000f3700000)
  from space 102912K, 11% used [0x00000000f3700000,0x00000000f42920d0,0x00000000f9b80000)
  to   space 100352K, 0% used [0x00000000f9e00000,0x00000000f9e00000,0x0000000100000000)
 ParOldGen       total 251392K, used 244041K [0x00000000a0000000, 0x00000000af580000, 0x00000000e0000000)
  object space 251392K, 97% used [0x00000000a0000000,0x00000000aee52510,0x00000000af580000)
 Metaspace       used 79933K, capacity 83580K, committed 83732K, reserved 1122304K
  class space    used 9920K, capacity 10690K, committed 10812K, reserved 1048576K
}
Event: 10741.785 GC heap before
{Heap before GC invocations=40 (full 5):
 PSYoungGen      total 421376K, used 11848K [0x00000000e0000000, 0x0000000100000000, 0x0000000100000000)
  eden space 318464K, 0% used [0x00000000e0000000,0x00000000e0000000,0x00000000f3700000)
  from space 102912K, 11% used [0x00000000f3700000,0x00000000f42920d0,0x00000000f9b80000)
  to   space 100352K, 0% used [0x00000000f9e00000,0x00000000f9e00000,0x0000000100000000)
 ParOldGen       total 251392K, used 244041K [0x00000000a0000000, 0x00000000af580000, 0x00000000e0000000)
  object space 251392K, 97% used [0x00000000a0000000,0x00000000aee52510,0x00000000af580000)
 Metaspace       used 79933K, capacity 83580K, committed 83732K, reserved 1122304K
  class space    used 9920K, capacity 10690K, committed 10812K, reserved 1048576K
Event: 10742.235 GC heap after
Heap after GC invocations=40 (full 5):
 PSYoungGen      total 421376K, used 0K [0x00000000e0000000, 0x0000000100000000, 0x0000000100000000)
  eden space 318464K, 0% used [0x00000000e0000000,0x00000000e0000000,0x00000000f3700000)
  from space 102912K, 0% used [0x00000000f3700000,0x00000000f3700000,0x00000000f9b80000)
  to   space 100352K, 0% used [0x00000000f9e00000,0x00000000f9e00000,0x0000000100000000)
 ParOldGen       total 305664K, used 63981K [0x00000000a0000000, 0x00000000b2a80000, 0x00000000e0000000)
  object space 305664K, 20% used [0x00000000a0000000,0x00000000a3e7b668,0x00000000b2a80000)
 Metaspace       used 78780K, capacity 81922K, committed 83732K, reserved 1122304K
  class space    used 9680K, capacity 10334K, committed 10812K, reserved 1048576K
}
Event: 10742.503 GC heap before
{Heap before GC invocations=41 (full 5):
 PSYoungGen      total 421376K, used 318038K [0x00000000e0000000, 0x0000000100000000, 0x0000000100000000)
  eden space 318464K, 99% used [0x00000000e0000000,0x00000000f36959d8,0x00000000f3700000)
  from space 102912K, 0% used [0x00000000f3700000,0x00000000f3700000,0x00000000f9b80000)
  to   space 100352K, 0% used [0x00000000f9e00000,0x00000000f9e00000,0x0000000100000000)
 ParOldGen       total 305664K, used 63981K [0x00000000a0000000, 0x00000000b2a80000, 0x00000000e0000000)
  object space 305664K, 20% used [0x00000000a0000000,0x00000000a3e7b668,0x00000000b2a80000)
 Metaspace       used 78787K, capacity 81928K, committed 83732K, reserved 1122304K
  class space    used 9680K, capacity 10335K, committed 10812K, reserved 1048576K
Event: 10742.508 GC heap after
Heap after GC invocations=41 (full 5):
 PSYoungGen      total 412672K, used 12053K [0x00000000e0000000, 0x00000000ff780000, 0x0000000100000000)
  eden space 321024K, 0% used [0x00000000e0000000,0x00000000e0000000,0x00000000f3980000)
  from space 91648K, 13% used [0x00000000f9e00000,0x00000000fa9c5740,0x00000000ff780000)
  to   space 97280K, 0% used [0x00000000f3980000,0x00000000f3980000,0x00000000f9880000)
 ParOldGen       total 305664K, used 63989K [0x00000000a0000000, 0x00000000b2a80000, 0x00000000e0000000)
  object space 305664K, 20% used [0x00000000a0000000,0x00000000a3e7d668,0x00000000b2a80000)
 Metaspace       used 78787K, capacity 81928K, committed 83732K, reserved 1122304K
  class space    used 9680K, capacity 10335K, committed 10812K, reserved 1048576K
}
Event: 10751.865 GC heap before
{Heap before GC invocations=42 (full 5):
 PSYoungGen      total 412672K, used 333077K [0x00000000e0000000, 0x00000000ff780000, 0x0000000100000000)
  eden space 321024K, 100% used [0x00000000e0000000,0x00000000f3980000,0x00000000f3980000)
  from space 91648K, 13% used [0x00000000f9e00000,0x00000000fa9c5740,0x00000000ff780000)
  to   space 97280K, 0% used [0x00000000f3980000,0x00000000f3980000,0x00000000f9880000)
 ParOldGen       total 305664K, used 63989K [0x00000000a0000000, 0x00000000b2a80000, 0x00000000e0000000)
  object space 305664K, 20% used [0x00000000a0000000,0x00000000a3e7d668,0x00000000b2a80000)
 Metaspace       used 79149K, capacity 82612K, committed 83732K, reserved 1122304K
  class space    used 9735K, capacity 10458K, committed 10812K, reserved 1048576K
Event: 10751.897 GC heap after
Heap after GC invocations=42 (full 5):
 PSYoungGen      total 418304K, used 2897K [0x00000000e0000000, 0x00000000ff780000, 0x0000000100000000)
  eden space 321024K, 0% used [0x00000000e0000000,0x00000000e0000000,0x00000000f3980000)
  from space 97280K, 2% used [0x00000000f3980000,0x00000000f3c54600,0x00000000f9880000)
  to   space 91648K, 0% used [0x00000000f9e00000,0x00000000f9e00000,0x00000000ff780000)
 ParOldGen       total 305664K, used 74852K [0x00000000a0000000, 0x00000000b2a80000, 0x00000000e0000000)
  object space 305664K, 24% used [0x00000000a0000000,0x00000000a4919268,0x00000000b2a80000)
 Metaspace       used 79149K, capacity 82612K, committed 83732K, reserved 1122304K
  class space    used 9735K, capacity 10458K, committed 10812K, reserved 1048576K
}

